Started by user [8mha:////4Gojpe4s3cOkK3WWvuXv1k3EB+84BdpmDgMSF9MtJGNEAAAAnB+LCAAAAAAAAP9b85aBtbiIQTGjNKU4P08vOT+vOD8nVc83PyU1x6OyILUoJzMv2y+/JJUBAhiZGBgqihhk0NSjKDWzXb3RdlLBUSYGJk8GtpzUvPSSDB8G5tKinBIGIZ+sxLJE/ZzEvHT94JKizLx0a6BxUmjGOUNodHsLgAy2EgYB/dLi1CL9xMz0+JTUsvyCYgBp74tpxQAAAA==[0mDevops
Running in Durability level: MAX_SURVIVABILITY
[8mha:////4FrjW9LZ2CXBjQR4+K2LOUePGFwfy5q7oNp43I6t2MheAAAAoh+LCAAAAAAAAP9tjTEOwjAQBM8BClpKHuFItIiK1krDC0x8GCfWnbEdkooX8TX+gCESFVvtrLSa5wtWKcKBo5UdUu8otU4GP9jS5Mixv3geZcdn2TIl9igbHBs2eJyx4YwwR1SwULBGaj0nRzbDRnX6rmuvydanHMu2V1A5c4MHCFXMWcf8hSnC9jqYxPTz/BXAFEIGsfuclm8zQVqFvQAAAA==[0m[Pipeline] Start of Pipeline
[8mha:////4EYQ1T7I6Ua0Y3Yl6Afn83MuRbbypfugEVGRUWBLZzc/AAAApR+LCAAAAAAAAP9tjTEOwjAUQ3+KOrAycohUghExsUZZOEFIQkgb/d8mKe3EibgadyBQiQlLlmxL1nu+oE4RjhQdby12HpP2vA+jK4lPFLtroIm3dOGaMFGwXNpJkrGnpUrKFhaxClYC1hZ1oOTRZdiIVt1VExS65pxj2Q4CKm8GeAAThZxVzN8yR9jeRpMIf5y/AJj7DGxXvP/86jduZBmjwAAAAA==[0m[Pipeline] node
Running on [8mha:////4E9x72RKOQis1E4fhOazc1lKNcR5VzEcwBS9bgUYNT0hAAAAnh+LCAAAAAAAAP9b85aBtbiIQTGjNKU4P08vOT+vOD8nVc83PyU1x6OyILUoJzMv2y+/JJUBAhiZGBgqihhk0NSjKDWzXb3RdlLBUSYGJk8GtpzUvPSSDB8G5tKinBIGIZ+sxLJE/ZzEvHT94JKizLx0a6BxUmjGOUNodHsLgAz2EgZh/eT83ILSktQifY3cxGIgrakPAHib2iPIAAAA[0mJenkins in /var/lib/jenkins/workspace/sonarpipline
[8mha:////4K9FtIb73GakJfpIBmi+KFteUZ4jIBBZ0rVFrqUKumWTAAAApR+LCAAAAAAAAP9tjTEOwjAUQ3+KOrAycoh0gA0xsUZZOEFIQkgb/d8mKe3EibgadyBQiQlLlmxL1nu+oE4RjhQdby12HpP2vA+jK4lPFLtroIm3dOGaMFGwXNpJkrGnpUrKFhaxClYC1hZ1oOTRZdiIVt1VExS65pxj2Q4CKm8GeAAThZxVzN8yR9jeRpMIf5y/AJj7DGxXvP/86jfoP95RwAAAAA==[0m[Pipeline] {
[8mha:////4C7NDJyHXWwapdbdimMy2MJb2M4Y3CNHWYSyi0wiZitmAAAApR+LCAAAAAAAAP9tjTEOwjAUQ3+KOrAycoh0gQkxsUZZOEFIQkgb/d8mKe3EibgadyBQiQlLlmxL1nu+oE4RjhQdby12HpP2vA+jK4lPFLtroIm3dOGaMFGwXNpJkrGnpUrKFhaxClYC1hZ1oOTRZdiIVt1VExS65pxj2Q4CKm8GeAAThZxVzN8yR9jeRpMIf5y/AJj7DGxXvP/86jc09154wAAAAA==[0m[Pipeline] stage
[8mha:////4DRaOpWeXva+OKvPV68dr9O8BBVh9IQrnxQw+KGa7RR8AAAApR+LCAAAAAAAAP9tjTEOwjAUQ3+KOrAycoh0ggUxsUZZOEFIQkgb/d8mKe3EibgadyBQiQlLlmxL1nu+oE4RjhQdby12HpP2vA+jK4lPFLtroIm3dOGaMFGwXNpJkrGnpUrKFhaxClYC1hZ1oOTRZdiIVt1VExS65pxj2Q4CKm8GeAAThZxVzN8yR9jeRpMIf5y/AJj7DGxXvP/86jek7ggRwAAAAA==[0m[Pipeline] { (SCM)
[8mha:////4Jn7LuWuFlekQEWlXCEvGRNsNiGqpX/BI1EH1XGXl36IAAAAoh+LCAAAAAAAAP9tjTEOAiEURD9rLGwtPQTbaWGsbAmNJ0AWEZb8zwLrbuWJvJp3kLiJlZNMMm+a93rDOic4UbLcG+wdZu14DKOti0+U+lugiXu6ck2YKRguzSSpM+cFJRUDS1gDKwEbgzpQdmgLbIVXD9UGhba9lFS/o4DGdQM8gYlqLiqVL8wJdvexy4Q/z18BzLEA29ce4gfg7KmOvAAAAA==[0m[Pipeline] git
No credentials specified
 > /bin/git rev-parse --is-inside-work-tree # timeout=10
Fetching changes from the remote Git repository
 > /bin/git config remote.origin.url https://github.com/harsharameshh/sonar-scanner-gradle.git # timeout=10
Fetching upstream changes from https://github.com/harsharameshh/sonar-scanner-gradle.git
 > /bin/git --version # timeout=10
 > /bin/git fetch --tags --progress https://github.com/harsharameshh/sonar-scanner-gradle.git +refs/heads/*:refs/remotes/origin/* # timeout=10
 > /bin/git rev-parse refs/remotes/origin/master^{commit} # timeout=10
 > /bin/git rev-parse refs/remotes/origin/origin/master^{commit} # timeout=10
Checking out Revision f4c3ef765da97340309c5895dc8a144660f77799 (refs/remotes/origin/master)
 > /bin/git config core.sparsecheckout # timeout=10
 > /bin/git checkout -f f4c3ef765da97340309c5895dc8a144660f77799 # timeout=10
 > /bin/git branch -a -v --no-abbrev # timeout=10
 > /bin/git branch -D master # timeout=10
 > /bin/git checkout -b master f4c3ef765da97340309c5895dc8a144660f77799 # timeout=10
Commit message: "Update build.gradle"
 > /bin/git rev-list --no-walk f4c3ef765da97340309c5895dc8a144660f77799 # timeout=10
[8mha:////4IEAt1KLxuglPvq2gAzr4D4WE2yVbvrpixlkvECzXWF0AAAAoh+LCAAAAAAAAP9tjTEOAiEURD9rLGwtPQTbGRNjZUtoPAGyiLDkfxZYdytP5NW8g8RNrJxkknnTvNcb1jnBiZLl3mDvMGvHYxhtXXyi1N8CTdzTlWvCTMFwaSZJnTkvKKkYWMIaWAnYGNSBskNbYCu8eqg2KLTtpaT6HQU0rhvgCUxUc1GpfGFOsLuPXSb8ef4KYI6xADvU7j9Dg2gqvAAAAA==[0m[Pipeline] }
[8mha:////4Mm7mLSG6WvPehhvhuzkhMsYKzDWN06N0oE0fJatXc9PAAAAoh+LCAAAAAAAAP9tjTEOAiEURD9rLGwtPQRbWRhjZUtoPAGyiLDkfxZYdytP5NW8g8RNrJxkknnTvNcb1jnBiZLl3mDvMGvHYxhtXXyi1N8CTdzTlWvCTMFwaSZJnTkvKKkYWMIaWAnYGNSBskNbYCu8eqg2KLTtpaT6HQU0rhvgCUxUc1GpfGFOsLuPXSb8ef4KYI6xADvU7j9J+wGOvAAAAA==[0m[Pipeline] // stage
[8mha:////4NYHG47TuvleaaVXGxIxVTvx8w5oE7gOf4ZpNvqzYMKyAAAAph+LCAAAAAAAAP9tjTEOwjAQBM9BKWgpeYQDEh2iorXc8AITG+PEugv2haTiRXyNPxCIRMVWOyut5vmCMic4UPKycdgGzHWQXez91ORAqb1EGmRDZ1kTZopOajdosu44oyZ2MEcUsFCwdFhHygE9w0o15m6qaNBXJ07TtldQBHuDBwg1mdkk/sKYYH3tbSb8ef4KYOwYxI6h2G4+x/INtuQqUcEAAAA=[0m[Pipeline] stage
[8mha:////4KT+KrI5AjhUCoesyFt0qBCIh5fro+GGD/DWxYmLADPyAAAApR+LCAAAAAAAAP9tjTEOwjAUQ3+DOrAycoiUzoiJNerCCUITQtLo/zZJSSdOxNW4Ay2VmPBg2Zas93pDGQOcKBjuNHYWY2t570czJ54pdDdPmTu68pYwkte80bkhpc9rbShpWFUw2AjYamw9RYsmwU44+ZCVl2iqSwrzdhTArBrgCYWYyUmG9C1TgP19VJHwx/kLgKlPwOrDYvXyLD8BobDcwgAAAA==[0m[Pipeline] { (build)
[8mha:////4CaOztlFk5V3wsZA9MkgwXufikCz/tUtZlqBFikZaAX0AAAAox+LCAAAAAAAAP9tjTESwiAURH/iWNhaeggysXWsbBkaT4AJIoT5nwCRVJ7Iq3kH0cxYucXOvm3e8wXrGOBIQTOrcDAYO8O8m3RZLFMYro4ys3RhHWEkp5hQWVCvTgsKSgqWVDWsOGwUdo6iQZ1gy628y8ZJ1M05hfIdONSmH+EBFS/mJEP6whxgd5v6SPjz/BXA7BPUbfupvX8DpQJrNb4AAAA=[0m[Pipeline] sh
+ ./gradlew build
Starting a Gradle Daemon (subsequent builds will be faster)
:compileJava UP-TO-DATE
:compileGroovy NO-SOURCE
:pluginDescriptors UP-TO-DATE
:processResources UP-TO-DATE
:classes UP-TO-DATE
:jar UP-TO-DATE
:groovydoc NO-SOURCE
:publishPluginGroovyDocsJar UP-TO-DATE
:publishPluginJar UP-TO-DATE
:javadoc UP-TO-DATE
:publishPluginJavaDocsJar UP-TO-DATE
:assemble UP-TO-DATE
:licenseMain UP-TO-DATE
:licenseTest UP-TO-DATE
:license UP-TO-DATE
:pluginUnderTestMetadata UP-TO-DATE
:compileTestJava NO-SOURCE
:compileTestGroovy UP-TO-DATE
:processTestResources NO-SOURCE
:testClasses UP-TO-DATE
:test UP-TO-DATE
:validateTaskProperties UP-TO-DATE
:check UP-TO-DATE
:build UP-TO-DATE

Deprecated Gradle features were used in this build, making it incompatible with Gradle 5.0.
See https://docs.gradle.org/4.6/userguide/command_line_interface.html#sec:command_line_warnings

BUILD SUCCESSFUL in 6s
14 actionable tasks: 14 up-to-date
[8mha:////4LhKK587+CDiYx8o2uwRnKQwNdpxwAZdAPse4ut4sD+FAAAAox+LCAAAAAAAAP9tjTESwiAURH/iWNhaeggyGUvHypah8QSYIEKY/wkQSeWJvJp3EM2MlVvs7NvmPV+wjgGOFDSzCgeDsTPMu0mXxTKF4eooM0sX1hFGcooJlQX16rSgoKRgSVXDisNGYecoGtQJttzKu2ycRN2cUyjfgUNt+hEeUPFiTjKkL8wBdrepj4Q/z18BzD5B3baf2vs35DNwLL4AAAA=[0m[Pipeline] sh
+ ./gradlew --info test sonarqube
Initialized native services in: /var/lib/jenkins/.gradle/native
The client will now receive all logging from the daemon (pid: 28519). The daemon log file: /var/lib/jenkins/.gradle/daemon/4.6/daemon-28519.out.log
Starting 2nd build in daemon [uptime: 6.695 secs, performance: 94%]
Using 2 worker leases.
Closing daemon's stdin at end of input.
The daemon will no longer process any standard input.
Starting Build
Settings evaluated using settings file '/var/lib/jenkins/workspace/sonarpipline/settings.gradle'.
Projects loaded. Root project using build file '/var/lib/jenkins/workspace/sonarpipline/build.gradle'.
Included projects: [root project 'sonarqube-gradle-plugin']
Evaluating root project 'sonarqube-gradle-plugin' using build file '/var/lib/jenkins/workspace/sonarpipline/build.gradle'.
Adding license extension
Adding licenseMain task for sourceSet main
Adding licenseTest task for sourceSet test
Applying license defaults to task: :licenseFormatMain
Applying license defaults to task: :licenseFormatTest
Applying license defaults to task: :licenseMain
Applying license defaults to task: :licenseTest
Adding download licenses extension
Applying defaults to download task: :downloadLicenses
All projects evaluated.
Selected primary task 'test' from project :
Selected primary task 'sonarqube' from project :
Tasks to be executed: [task ':compileJava', task ':compileGroovy', task ':pluginDescriptors', task ':processResources', task ':classes', task ':pluginUnderTestMetadata', task ':compileTestJava', task ':compileTestGroovy', task ':processTestResources', task ':testClasses', task ':test', task ':sonarqube']
:compileJava (Thread[Daemon worker,5,main]) started.
:compileJava
Skipping task ':compileJava' as it is up-to-date.
:compileJava UP-TO-DATE
:compileJava (Thread[Daemon worker,5,main]) completed. Took 0.06 secs.
:compileGroovy (Thread[Daemon worker,5,main]) started.
:compileGroovy
file or directory '/var/lib/jenkins/workspace/sonarpipline/src/main/groovy', not found
Skipping task ':compileGroovy' as it has no source files and no previous output files.
:compileGroovy NO-SOURCE
:compileGroovy (Thread[Daemon worker,5,main]) completed. Took 0.0 secs.
:pluginDescriptors (Thread[Daemon worker,5,main]) started.
:pluginDescriptors
Skipping task ':pluginDescriptors' as it is up-to-date.
:pluginDescriptors UP-TO-DATE
:pluginDescriptors (Thread[Daemon worker,5,main]) completed. Took 0.0 secs.
:processResources (Thread[Daemon worker,5,main]) started.
:processResources
Skipping task ':processResources' as it is up-to-date.
:processResources UP-TO-DATE
:processResources (Thread[Daemon worker,5,main]) completed. Took 0.003 secs.
:classes (Thread[Daemon worker,5,main]) started.
:classes
Skipping task ':classes' as it has no actions.
:classes UP-TO-DATE
:classes (Thread[Daemon worker,5,main]) completed. Took 0.0 secs.
:pluginUnderTestMetadata (Thread[Daemon worker,5,main]) started.
:pluginUnderTestMetadata
Skipping task ':pluginUnderTestMetadata' as it is up-to-date.
:pluginUnderTestMetadata UP-TO-DATE
:pluginUnderTestMetadata (Thread[Daemon worker,5,main]) completed. Took 0.008 secs.
:compileTestJava (Thread[Daemon worker,5,main]) started.
:compileTestJava
file or directory '/var/lib/jenkins/workspace/sonarpipline/src/test/java', not found
Skipping task ':compileTestJava' as it has no source files and no previous output files.
:compileTestJava NO-SOURCE
:compileTestJava (Thread[Daemon worker,5,main]) completed. Took 0.0 secs.
:compileTestGroovy (Thread[Daemon worker,5,main]) started.
:compileTestGroovy
Skipping task ':compileTestGroovy' as it is up-to-date.
:compileTestGroovy UP-TO-DATE
:compileTestGroovy (Thread[Daemon worker,5,main]) completed. Took 0.016 secs.
:processTestResources (Thread[Daemon worker,5,main]) started.
:processTestResources
file or directory '/var/lib/jenkins/workspace/sonarpipline/src/test/resources', not found
Skipping task ':processTestResources' as it has no source files and no previous output files.
:processTestResources NO-SOURCE
:processTestResources (Thread[Daemon worker,5,main]) completed. Took 0.0 secs.
:testClasses (Thread[Daemon worker,5,main]) started.
:testClasses
Skipping task ':testClasses' as it has no actions.
:testClasses UP-TO-DATE
:testClasses (Thread[Daemon worker,5,main]) completed. Took 0.0 secs.
:test (Thread[Daemon worker,5,main]) started.
:test
Skipping task ':test' as it is up-to-date.
:test UP-TO-DATE
:test (Thread[Daemon worker,5,main]) completed. Took 0.017 secs.
:sonarqube (Thread[Daemon worker,5,main]) started.
:sonarqube
Task ':sonarqube' is not up-to-date because:
  Task has not declared any outputs.
User cache: /var/lib/jenkins/.sonar/cache
SonarQube server [http://localhost:9000] can not be reached
:sonarqube FAILED
:sonarqube (Thread[Daemon worker,5,main]) completed. Took 0.298 secs.

FAILURE: Build failed with an exception.

* What went wrong:
Execution failed for task ':sonarqube'.
> Unable to execute SonarQube

* Try:
Run with --stacktrace option to get the stack trace. Run with --debug option to get more log output. Run with --scan to get full insights.

* Get more help at https://help.gradle.org

Deprecated Gradle features were used in this build, making it incompatible with Gradle 5.0.
See https://docs.gradle.org/4.6/userguide/command_line_interface.html#sec:command_line_warnings

BUILD FAILED in 1s
7 actionable tasks: 1 executed, 6 up-to-date
VCS Checkout Cache (/var/lib/jenkins/workspace/sonarpipline/.gradle/vcsWorkingDirs) has not been cleaned up in 1 days
[8mha:////4MR+h7nNiY7l5bYSWFgYMDznqIlR1NsGzNE6qObdLv9nAAAApB+LCAAAAAAAAP9tjbEOwiAURV9rHFwd/QiaJm7GyZWw+AXYIkLJexSodPKL/DX/QbSJk3e4uecu5/mCdQxwpKCZVTgYjJ1h3k26LJYpDFdHmVm6sI4wklNMqCyoV6cFBSUFS6oaVhw2CjtH0aBOsOVW3mXjJOrmnEL5Dhxq04/wgIoXc5IhfWEOsLtNfST8ef4KYPY+Qd3uP9W+ATnVfPq+AAAA[0m[Pipeline] }
[8mha:////4Lo0t7Lb/Y7KJGrVuYWd7jl/1fdeS+Cvx6vSsJobKPWDAAAApB+LCAAAAAAAAP9tjTEOwjAQBC9BFLSUPOICBRWiSmu54QUmNsaJdWdsh6TiRXyNPxCIRMUWq51t5vmCZYpw5GixNdQ5So3D4Hs7LRw4dhfPA7Z8xoYpsTcozSBZm3pGydnAnKKEhYCVocZzcmQzrEWr7qryimx1ynH6DgJKp2/wgEJM5qxi/sIYYXPtdWL6ef4KYAwhQ7nbf2r7Bgo2J0a+AAAA[0m[Pipeline] // stage
[8mha:////4BAt2nNwS6Z1Dh8Up28kQUWxU4eKE/tUmaRoO25s+lHZAAAApB+LCAAAAAAAAP9tjTEOwjAQBDdBFLSUPMIREqJBVLRWGl5gEmOcWHfBvpBUvIiv8QciIlGx1c4083pjmSKOHJ1qLLWeUuVVF3o3PTVwbK+BB9XwRVVMiYNVpR1Kru1pxpLFYl6WY6GxslQFTp6cYK0b8zBFMOSKs8TJHTRyX9/xRKanspgoXxgjNre+Tky/zt8Axq4T5Nu9INt9ACXeBV29AAAA[0m[Pipeline] }
[8mha:////4MgB8Yxym9s4NzHeytNvfTPclmcjYbrKOp9f6fYmwbg+AAAApB+LCAAAAAAAAP9tjTEOwjAQBDdBFLSUPMIRoqBAVLRWGl5gEmOcWHfBvpBUvIiv8QciIlGx1c4083pjmSKOHJ1qLLWeUuVVF3o3PTVwbK+BB9XwRVVMiYNVpR1Kru1pxpLFYl6WY6GxslQFTp6cYK0b8zBFMOSKs8TJHTRyX9/xRKanspgoXxgjNre+Tky/zt8Axq4T5Nu9INt9ADZiAf69AAAA[0m[Pipeline] // node
[8mha:////4MC4IWc4DtuKMUJw7Nq4JE7QQMPWVkZVX722phEL5HbSAAAAox+LCAAAAAAAAP9tjTEOwjAQBDdBFLSUPMIRVEiIitZKwwtMYowT6y7YF5KKF/E1/kBEJCq22plmXm8sU8SRo1ONpdZTqrzqQu+mpwaO7TXwoBq+qIopcbCqtEPJtT3NWLJYzMtyLDRWlqrAyZMTrHVjHqYIhlxxlji5g0bu6zueyPRUFhPlC2PE5tbXienX+RvA2HWCfLsXZLsPccVWC70AAAA=[0m[Pipeline] End of Pipeline
ERROR: script returned exit code 1
Finished: FAILURE
